
> @xispedocs/mdx@3.0.0 build D:\Arquivos Programa├º├úo\XispeDocs\packages\mdx
> tsup

[34mCLI[39m Building entry: src/bin.ts, src/index.ts, src/loader-mdx.ts, src/bun/index.ts, src/config/index.ts, src/next/index.ts, src/node/loader.ts, src/runtime/shared.ts, src/vite/index.ts, src/runtime/next/async.ts, src/runtime/next/index.ts, src/runtime/vite/browser.ts, src/runtime/vite/server.ts
[34mCLI[39m Using tsconfig: tsconfig.json
[34mCLI[39m tsup v8.5.0
[34mCLI[39m Using tsup config: D:\Arquivos Programa├º├úo\XispeDocs\packages\mdx\tsup.config.ts
[34mCLI[39m Target: node18
[34mCLI[39m Cleaning output folder
[34mESM[39m Build start
[34mCJS[39m Build start
[32mCJS[39m [1mdist\bun\index.cjs            [22m[32m41.86 KB[39m
[32mCJS[39m [1mdist\bin.cjs                  [22m[32m133.22 KB[39m
[32mCJS[39m [1mdist\loader-mdx.cjs           [22m[32m43.82 KB[39m
[32mCJS[39m [1mdist\runtime\next\async.cjs   [22m[32m20.17 KB[39m
[32mCJS[39m [1mdist\next\index.cjs           [22m[32m122.38 KB[39m
[32mCJS[39m [1mdist\node\loader.cjs          [22m[32m43.88 KB[39m
[32mCJS[39m [1mdist\index.cjs                [22m[32m3.62 KB[39m
[32mCJS[39m [1mdist\runtime\shared.cjs       [22m[32m1.91 KB[39m
[32mCJS[39m [1mdist\vite\index.cjs           [22m[32m50.20 KB[39m
[32mCJS[39m [1mdist\config\index.cjs         [22m[32m10.37 KB[39m
[32mCJS[39m [1mdist\runtime\vite\browser.cjs [22m[32m4.31 KB[39m
[32mCJS[39m [1mdist\runtime\next\index.cjs   [22m[32m3.60 KB[39m
[32mCJS[39m [1mdist\runtime\vite\server.cjs  [22m[32m8.07 KB[39m
[32mCJS[39m ÔÜí´©Å Build success in 83ms
[32mESM[39m [1mdist\loader-mdx.js           [22m[32m42.13 KB[39m
[32mESM[39m [1mdist\config\index.js         [22m[32m8.11 KB[39m
[32mESM[39m [1mdist\bun\index.js            [22m[32m40.16 KB[39m
[32mESM[39m [1mdist\runtime\next\async.js   [22m[32m18.22 KB[39m
[32mESM[39m [1mdist\bin.js                  [22m[32m130.95 KB[39m
[32mESM[39m [1mdist\node\loader.js          [22m[32m42.12 KB[39m
[32mESM[39m [1mdist\next\index.js           [22m[32m120.42 KB[39m
[32mESM[39m [1mdist\index.js                [22m[32m1.99 KB[39m
[32mESM[39m [1mdist\runtime\shared.js       [22m[32m821.00 B[39m
[32mESM[39m [1mdist\vite\index.js           [22m[32m48.10 KB[39m
[32mESM[39m [1mdist\runtime\vite\browser.js [22m[32m3.19 KB[39m
[32mESM[39m [1mdist\runtime\vite\server.js  [22m[32m6.26 KB[39m
[32mESM[39m [1mdist\runtime\next\index.js   [22m[32m1.99 KB[39m
[32mESM[39m ÔÜí´©Å Build success in 83ms
[34mDTS[39m Build start
src/runtime/vite/browser.ts(104,40): error TS2769: No overload matches this call.
  The last overload gave the following error.
    Argument of type 'FC<Props>' is not assignable to parameter of type 'string | ComponentClass<{}, any> | FunctionComponent<{}>'.
      Type 'FunctionComponent<Props>' is not assignable to type 'FunctionComponent<{}>'.
        Type '{}' is not assignable to type 'Props'.
          'Props' could be instantiated with an arbitrary type which could be unrelated to '{}'.

Error: error occurred in dts build
    at Worker.<anonymous> (D:\Arquivos Programa├º├úo\XispeDocs\node_modules\.pnpm\tsup@8.5.0_@swc+core@1.13.5_@swc+helpers@0.5.19__jiti@2.6.1_postcss@8.5.8_tsx@4.21.0_typescript@5.9.3_yaml@2.8.2\node_modules\tsup\dist\index.js:1545:26)
    at Worker.emit (node:events:518:28)
    at MessagePort.<anonymous> (node:internal/worker:268:53)
    at [nodejs.internal.kHybridDispatch] (node:internal/event_target:827:20)
    at MessagePort.<anonymous> (node:internal/per_context/messageport:23:28)
DTS Build error
ÔÇëELIFECYCLEÔÇë Command failed with exit code 1.
